{"D:\\EvenFrank\\Workspace\\Plugins\\Wordpress\\Citeoryx\\assets\\src\\admin\\aiAnalysis.js": {"path":"D:\\EvenFrank\\Workspace\\Plugins\\Wordpress\\Citeoryx\\assets\\src\\admin\\aiAnalysis.js","statementMap":{"0":{"start":{"line":1,"column":39},"end":{"line":1,"column":62}},"1":{"start":{"line":3,"column":30},"end":{"line":4,"column":49}},"2":{"start":{"line":4,"column":1},"end":{"line":4,"column":49}},"3":{"start":{"line":6,"column":33},"end":{"line":11,"column":1}},"4":{"start":{"line":7,"column":14},"end":{"line":7,"column":66}},"5":{"start":{"line":8,"column":1},"end":{"line":10,"column":9}},"6":{"start":{"line":13,"column":35},"end":{"line":18,"column":3}},"7":{"start":{"line":13,"column":49},"end":{"line":18,"column":1}}},"fnMap":{"0":{"name":"(anonymous_0)","decl":{"start":{"line":3,"column":30},"end":{"line":3,"column":31}},"loc":{"start":{"line":4,"column":1},"end":{"line":4,"column":49}},"line":4},"1":{"name":"(anonymous_1)","decl":{"start":{"line":6,"column":33},"end":{"line":6,"column":34}},"loc":{"start":{"line":6,"column":63},"end":{"line":11,"column":1}},"line":6},"2":{"name":"(anonymous_2)","decl":{"start":{"line":13,"column":35},"end":{"line":13,"column":36}},"loc":{"start":{"line":13,"column":49},"end":{"line":18,"column":1}},"line":13}},"branchMap":{"0":{"loc":{"start":{"line":6,"column":46},"end":{"line":6,"column":57}},"type":"default-arg","locations":[{"start":{"line":6,"column":55},"end":{"line":6,"column":57}}],"line":6},"1":{"loc":{"start":{"line":8,"column":8},"end":{"line":10,"column":8}},"type":"cond-expr","locations":[{"start":{"line":9,"column":4},"end":{"line":9,"column":57}},{"start":{"line":10,"column":4},"end":{"line":10,"column":8}}],"line":8},"2":{"loc":{"start":{"line":14,"column":18},"end":{"line":14,"column":53}},"type":"binary-expr","locations":[{"start":{"line":14,"column":18},"end":{"line":14,"column":47}},{"start":{"line":14,"column":51},"end":{"line":14,"column":53}}],"line":14},"3":{"loc":{"start":{"line":15,"column":14},"end":{"line":17,"column":6}},"type":"cond-expr","locations":[{"start":{"line":16,"column":4},"end":{"line":16,"column":39}},{"start":{"line":17,"column":4},"end":{"line":17,"column":6}}],"line":15}},"s":{"0":1,"1":1,"2":5,"3":1,"4":2,"5":2,"6":1,"7":2},"f":{"0":5,"1":2,"2":2},"b":{"0":[1],"1":[1,1],"2":[2,1],"3":[1,1]},"_coverageSchema":"1a1c01bbd47fc00a2c39e90264f33305004495a9","hash":"31dfd059def8b2d9157fb85b3702e95aac85afab"}
,"D:\\EvenFrank\\Workspace\\Plugins\\Wordpress\\Citeoryx\\assets\\src\\admin\\apiError.js": {"path":"D:\\EvenFrank\\Workspace\\Plugins\\Wordpress\\Citeoryx\\assets\\src\\admin\\apiError.js","statementMap":{"0":{"start":{"line":2,"column":1},"end":{"line":2,"column":56}},"1":{"start":{"line":4,"column":34},"end":{"line":13,"column":1}},"2":{"start":{"line":6,"column":2},"end":{"line":6,"column":64}},"3":{"start":{"line":8,"column":1},"end":{"line":10,"column":2}},"4":{"start":{"line":9,"column":2},"end":{"line":9,"column":18}},"5":{"start":{"line":12,"column":1},"end":{"line":12,"column":16}}},"fnMap":{"0":{"name":"(anonymous_0)","decl":{"start":{"line":4,"column":34},"end":{"line":4,"column":35}},"loc":{"start":{"line":4,"column":57},"end":{"line":13,"column":1}},"line":4}},"branchMap":{"0":{"loc":{"start":{"line":6,"column":2},"end":{"line":6,"column":64}},"type":"cond-expr","locations":[{"start":{"line":6,"column":39},"end":{"line":6,"column":59}},{"start":{"line":6,"column":62},"end":{"line":6,"column":64}}],"line":6},"1":{"loc":{"start":{"line":8,"column":1},"end":{"line":10,"column":2}},"type":"if","locations":[{"start":{"line":8,"column":1},"end":{"line":10,"column":2}},{"start":{},"end":{}}],"line":8},"2":{"loc":{"start":{"line":8,"column":6},"end":{"line":8,"column":53}},"type":"binary-expr","locations":[{"start":{"line":8,"column":6},"end":{"line":8,"column":15}},{"start":{"line":8,"column":19},"end":{"line":8,"column":53}}],"line":8}},"s":{"0":1,"1":1,"2":3,"3":3,"4":2,"5":1},"f":{"0":3},"b":{"0":[2,1],"1":[2,1],"2":[3,2]},"_coverageSchema":"1a1c01bbd47fc00a2c39e90264f33305004495a9","hash":"ab29643507d3cb620e322e7663096b819872da0b"}
,"D:\\EvenFrank\\Workspace\\Plugins\\Wordpress\\Citeoryx\\assets\\src\\admin\\optimizerRevision.js": {"path":"D:\\EvenFrank\\Workspace\\Plugins\\Wordpress\\Citeoryx\\assets\\src\\admin\\optimizerRevision.js","statementMap":{"0":{"start":{"line":1,"column":35},"end":{"line":6,"column":3}},"1":{"start":{"line":1,"column":51},"end":{"line":6,"column":1}},"2":{"start":{"line":8,"column":34},"end":{"line":15,"column":57}},"3":{"start":{"line":9,"column":1},"end":{"line":15,"column":57}},"4":{"start":{"line":10,"column":23},"end":{"line":14,"column":3}},"5":{"start":{"line":15,"column":25},"end":{"line":15,"column":55}},"6":{"start":{"line":17,"column":36},"end":{"line":24,"column":3}},"7":{"start":{"line":17,"column":70},"end":{"line":24,"column":1}}},"fnMap":{"0":{"name":"(anonymous_0)","decl":{"start":{"line":1,"column":35},"end":{"line":1,"column":36}},"loc":{"start":{"line":1,"column":51},"end":{"line":6,"column":1}},"line":1},"1":{"name":"(anonymous_1)","decl":{"start":{"line":8,"column":34},"end":{"line":8,"column":35}},"loc":{"start":{"line":9,"column":1},"end":{"line":15,"column":57}},"line":9},"2":{"name":"(anonymous_2)","decl":{"start":{"line":10,"column":8},"end":{"line":10,"column":9}},"loc":{"start":{"line":10,"column":23},"end":{"line":14,"column":3}},"line":10},"3":{"name":"(anonymous_3)","decl":{"start":{"line":15,"column":11},"end":{"line":15,"column":12}},"loc":{"start":{"line":15,"column":25},"end":{"line":15,"column":55}},"line":15},"4":{"name":"(anonymous_4)","decl":{"start":{"line":17,"column":36},"end":{"line":17,"column":37}},"loc":{"start":{"line":17,"column":70},"end":{"line":24,"column":1}},"line":17}},"branchMap":{"0":{"loc":{"start":{"line":2,"column":8},"end":{"line":2,"column":27}},"type":"binary-expr","locations":[{"start":{"line":2,"column":8},"end":{"line":2,"column":21}},{"start":{"line":2,"column":25},"end":{"line":2,"column":27}}],"line":2},"1":{"loc":{"start":{"line":3,"column":10},"end":{"line":3,"column":31}},"type":"binary-expr","locations":[{"start":{"line":3,"column":10},"end":{"line":3,"column":25}},{"start":{"line":3,"column":29},"end":{"line":3,"column":31}}],"line":3},"2":{"loc":{"start":{"line":4,"column":10},"end":{"line":4,"column":31}},"type":"binary-expr","locations":[{"start":{"line":4,"column":10},"end":{"line":4,"column":25}},{"start":{"line":4,"column":29},"end":{"line":4,"column":31}}],"line":4},"3":{"loc":{"start":{"line":12,"column":19},"end":{"line":12,"column":42}},"type":"binary-expr","locations":[{"start":{"line":12,"column":19},"end":{"line":12,"column":36}},{"start":{"line":12,"column":40},"end":{"line":12,"column":42}}],"line":12},"4":{"loc":{"start":{"line":13,"column":18},"end":{"line":13,"column":40}},"type":"binary-expr","locations":[{"start":{"line":13,"column":18},"end":{"line":13,"column":34}},{"start":{"line":13,"column":38},"end":{"line":13,"column":40}}],"line":13}},"s":{"0":1,"1":3,"2":1,"3":1,"4":3,"5":3,"6":1,"7":1},"f":{"0":3,"1":1,"2":3,"3":3,"4":1},"b":{"0":[3,0],"1":[3,0],"2":[3,0],"3":[3,0],"4":[3,0]},"_coverageSchema":"1a1c01bbd47fc00a2c39e90264f33305004495a9","hash":"f0642f226b212ac986600ce45b74a0013ec76701"}
,"D:\\EvenFrank\\Workspace\\Plugins\\Wordpress\\Citeoryx\\assets\\src\\admin\\reportCsv.js": {"path":"D:\\EvenFrank\\Workspace\\Plugins\\Wordpress\\Citeoryx\\assets\\src\\admin\\reportCsv.js","statementMap":{"0":{"start":{"line":3,"column":33},"end":{"line":4,"column":59}},"1":{"start":{"line":4,"column":1},"end":{"line":4,"column":59}},"2":{"start":{"line":6,"column":17},"end":{"line":6,"column":61}},"3":{"start":{"line":6,"column":30},"end":{"line":6,"column":61}},"4":{"start":{"line":8,"column":21},"end":{"line":11,"column":1}},"5":{"start":{"line":13,"column":16},"end":{"line":17,"column":1}},"6":{"start":{"line":14,"column":14},"end":{"line":14,"column":35}},"7":{"start":{"line":15,"column":18},"end":{"line":15,"column":67}},"8":{"start":{"line":16,"column":1},"end":{"line":16,"column":48}},"9":{"start":{"line":19,"column":22},"end":{"line":31,"column":1}},"10":{"start":{"line":19,"column":47},"end":{"line":31,"column":1}},"11":{"start":{"line":22,"column":27},"end":{"line":30,"column":2}},"12":{"start":{"line":33,"column":30},"end":{"line":80,"column":1}},"13":{"start":{"line":34,"column":20},"end":{"line":34,"column":54}},"14":{"start":{"line":35,"column":14},"end":{"line":77,"column":2}},"15":{"start":{"line":58,"column":49},"end":{"line":61,"column":3}},"16":{"start":{"line":64,"column":50},"end":{"line":67,"column":3}},"17":{"start":{"line":70,"column":50},"end":{"line":73,"column":3}},"18":{"start":{"line":79,"column":1},"end":{"line":79,"column":77}},"19":{"start":{"line":79,"column":29},"end":{"line":79,"column":59}},"20":{"start":{"line":82,"column":31},"end":{"line":94,"column":1}},"21":{"start":{"line":83,"column":14},"end":{"line":85,"column":4}},"22":{"start":{"line":86,"column":13},"end":{"line":86,"column":40}},"23":{"start":{"line":87,"column":14},"end":{"line":87,"column":43}},"24":{"start":{"line":88,"column":1},"end":{"line":88,"column":17}},"25":{"start":{"line":89,"column":1},"end":{"line":91,"column":25}},"26":{"start":{"line":92,"column":1},"end":{"line":92,"column":14}},"27":{"start":{"line":93,"column":1},"end":{"line":93,"column":28}}},"fnMap":{"0":{"name":"(anonymous_0)","decl":{"start":{"line":3,"column":33},"end":{"line":3,"column":34}},"loc":{"start":{"line":4,"column":1},"end":{"line":4,"column":59}},"line":4},"1":{"name":"(anonymous_1)","decl":{"start":{"line":6,"column":17},"end":{"line":6,"column":18}},"loc":{"start":{"line":6,"column":30},"end":{"line":6,"column":61}},"line":6},"2":{"name":"(anonymous_2)","decl":{"start":{"line":13,"column":16},"end":{"line":13,"column":17}},"loc":{"start":{"line":13,"column":29},"end":{"line":17,"column":1}},"line":13},"3":{"name":"(anonymous_3)","decl":{"start":{"line":19,"column":22},"end":{"line":19,"column":23}},"loc":{"start":{"line":19,"column":47},"end":{"line":31,"column":1}},"line":19},"4":{"name":"(anonymous_4)","decl":{"start":{"line":22,"column":15},"end":{"line":22,"column":16}},"loc":{"start":{"line":22,"column":27},"end":{"line":30,"column":2}},"line":22},"5":{"name":"(anonymous_5)","decl":{"start":{"line":33,"column":30},"end":{"line":33,"column":31}},"loc":{"start":{"line":33,"column":42},"end":{"line":80,"column":1}},"line":33},"6":{"name":"(anonymous_6)","decl":{"start":{"line":58,"column":37},"end":{"line":58,"column":38}},"loc":{"start":{"line":58,"column":49},"end":{"line":61,"column":3}},"line":58},"7":{"name":"(anonymous_7)","decl":{"start":{"line":64,"column":38},"end":{"line":64,"column":39}},"loc":{"start":{"line":64,"column":50},"end":{"line":67,"column":3}},"line":64},"8":{"name":"(anonymous_8)","decl":{"start":{"line":70,"column":38},"end":{"line":70,"column":39}},"loc":{"start":{"line":70,"column":50},"end":{"line":73,"column":3}},"line":70},"9":{"name":"(anonymous_9)","decl":{"start":{"line":79,"column":18},"end":{"line":79,"column":19}},"loc":{"start":{"line":79,"column":29},"end":{"line":79,"column":59}},"line":79},"10":{"name":"(anonymous_10)","decl":{"start":{"line":82,"column":31},"end":{"line":82,"column":32}},"loc":{"start":{"line":82,"column":43},"end":{"line":94,"column":1}},"line":82}},"branchMap":{"0":{"loc":{"start":{"line":4,"column":1},"end":{"line":4,"column":59}},"type":"cond-expr","locations":[{"start":{"line":4,"column":41},"end":{"line":4,"column":44}},{"start":{"line":4,"column":47},"end":{"line":4,"column":59}}],"line":4},"1":{"loc":{"start":{"line":4,"column":1},"end":{"line":4,"column":38}},"type":"binary-expr","locations":[{"start":{"line":4,"column":1},"end":{"line":4,"column":15}},{"start":{"line":4,"column":19},"end":{"line":4,"column":38}}],"line":4},"2":{"loc":{"start":{"line":6,"column":30},"end":{"line":6,"column":61}},"type":"binary-expr","locations":[{"start":{"line":6,"column":30},"end":{"line":6,"column":35}},{"start":{"line":6,"column":39},"end":{"line":6,"column":61}}],"line":6},"3":{"loc":{"start":{"line":14,"column":22},"end":{"line":14,"column":33}},"type":"binary-expr","locations":[{"start":{"line":14,"column":22},"end":{"line":14,"column":27}},{"start":{"line":14,"column":31},"end":{"line":14,"column":33}}],"line":14},"4":{"loc":{"start":{"line":15,"column":18},"end":{"line":15,"column":67}},"type":"cond-expr","locations":[{"start":{"line":15,"column":48},"end":{"line":15,"column":60}},{"start":{"line":15,"column":63},"end":{"line":15,"column":67}}],"line":15},"5":{"loc":{"start":{"line":19,"column":31},"end":{"line":19,"column":41}},"type":"default-arg","locations":[{"start":{"line":19,"column":39},"end":{"line":19,"column":41}}],"line":19},"6":{"loc":{"start":{"line":23,"column":2},"end":{"line":27,"column":15}},"type":"cond-expr","locations":[{"start":{"line":24,"column":5},"end":{"line":26,"column":8}},{"start":{"line":27,"column":5},"end":{"line":27,"column":15}}],"line":23},"7":{"loc":{"start":{"line":25,"column":5},"end":{"line":25,"column":47}},"type":"binary-expr","locations":[{"start":{"line":25,"column":5},"end":{"line":25,"column":32}},{"start":{"line":25,"column":36},"end":{"line":25,"column":47}}],"line":25},"8":{"loc":{"start":{"line":34,"column":20},"end":{"line":34,"column":54}},"type":"binary-expr","locations":[{"start":{"line":34,"column":20},"end":{"line":34,"column":48}},{"start":{"line":34,"column":52},"end":{"line":34,"column":54}}],"line":34},"9":{"loc":{"start":{"line":47,"column":34},"end":{"line":47,"column":64}},"type":"binary-expr","locations":[{"start":{"line":47,"column":34},"end":{"line":47,"column":58}},{"start":{"line":47,"column":62},"end":{"line":47,"column":64}}],"line":47},"10":{"loc":{"start":{"line":50,"column":3},"end":{"line":50,"column":38}},"type":"binary-expr","locations":[{"start":{"line":50,"column":3},"end":{"line":50,"column":32}},{"start":{"line":50,"column":36},"end":{"line":50,"column":38}}],"line":50},"11":{"loc":{"start":{"line":54,"column":3},"end":{"line":54,"column":45}},"type":"binary-expr","locations":[{"start":{"line":54,"column":3},"end":{"line":54,"column":39}},{"start":{"line":54,"column":43},"end":{"line":54,"column":45}}],"line":54}},"s":{"0":2,"1":8,"2":2,"3":1,"4":2,"5":2,"6":97,"7":97,"8":97,"9":2,"10":6,"11":1,"12":2,"13":2,"14":2,"15":1,"16":0,"17":0,"18":2,"19":42,"20":2,"21":0,"22":0,"23":0,"24":0,"25":0,"26":0,"27":0},"f":{"0":8,"1":1,"2":97,"3":6,"4":1,"5":2,"6":1,"7":0,"8":0,"9":42,"10":0},"b":{"0":[1,7],"1":[8,7],"2":[1,0],"3":[97,0],"4":[1,96],"5":[3],"6":[1,0],"7":[1,0],"8":[2,1],"9":[2,2],"10":[2,2],"11":[2,2]},"_coverageSchema":"1a1c01bbd47fc00a2c39e90264f33305004495a9","hash":"40913d6d7bc29556863194dd52c6b016f708fb2e"}
,"D:\\EvenFrank\\Workspace\\Plugins\\Wordpress\\Citeoryx\\assets\\src\\admin\\reportPdfData.js": {"path":"D:\\EvenFrank\\Workspace\\Plugins\\Wordpress\\Citeoryx\\assets\\src\\admin\\reportPdfData.js","statementMap":{"0":{"start":{"line":4,"column":16},"end":{"line":7,"column":19}},"1":{"start":{"line":5,"column":1},"end":{"line":7,"column":19}},"2":{"start":{"line":9,"column":14},"end":{"line":12,"column":53}},"3":{"start":{"line":10,"column":1},"end":{"line":12,"column":53}},"4":{"start":{"line":12,"column":33},"end":{"line":12,"column":51}},"5":{"start":{"line":14,"column":21},"end":{"line":17,"column":1}},"6":{"start":{"line":19,"column":22},"end":{"line":28,"column":6}},"7":{"start":{"line":20,"column":1},"end":{"line":28,"column":6}},"8":{"start":{"line":20,"column":26},"end":{"line":28,"column":2}},"9":{"start":{"line":30,"column":18},"end":{"line":34,"column":6}},"10":{"start":{"line":31,"column":1},"end":{"line":34,"column":6}},"11":{"start":{"line":31,"column":26},"end":{"line":34,"column":2}},"12":{"start":{"line":36,"column":14},"end":{"line":42,"column":3}},"13":{"start":{"line":36,"column":58},"end":{"line":42,"column":1}},"14":{"start":{"line":44,"column":35},"end":{"line":181,"column":1}},"15":{"start":{"line":45,"column":21},"end":{"line":45,"column":43}},"16":{"start":{"line":46,"column":20},"end":{"line":46,"column":48}},"17":{"start":{"line":47,"column":22},"end":{"line":50,"column":2}},"18":{"start":{"line":51,"column":26},"end":{"line":55,"column":2}},"19":{"start":{"line":57,"column":1},"end":{"line":180,"column":3}},"20":{"start":{"line":121,"column":52},"end":{"line":125,"column":4}},"21":{"start":{"line":156,"column":45},"end":{"line":159,"column":4}},"22":{"start":{"line":173,"column":40},"end":{"line":177,"column":4}}},"fnMap":{"0":{"name":"(anonymous_0)","decl":{"start":{"line":4,"column":16},"end":{"line":4,"column":17}},"loc":{"start":{"line":5,"column":1},"end":{"line":7,"column":19}},"line":5},"1":{"name":"(anonymous_1)","decl":{"start":{"line":9,"column":14},"end":{"line":9,"column":15}},"loc":{"start":{"line":10,"column":1},"end":{"line":12,"column":53}},"line":10},"2":{"name":"(anonymous_2)","decl":{"start":{"line":12,"column":21},"end":{"line":12,"column":22}},"loc":{"start":{"line":12,"column":33},"end":{"line":12,"column":51}},"line":12},"3":{"name":"(anonymous_3)","decl":{"start":{"line":19,"column":22},"end":{"line":19,"column":23}},"loc":{"start":{"line":20,"column":1},"end":{"line":28,"column":6}},"line":20},"4":{"name":"(anonymous_4)","decl":{"start":{"line":20,"column":12},"end":{"line":20,"column":13}},"loc":{"start":{"line":20,"column":26},"end":{"line":28,"column":2}},"line":20},"5":{"name":"(anonymous_5)","decl":{"start":{"line":30,"column":18},"end":{"line":30,"column":19}},"loc":{"start":{"line":31,"column":1},"end":{"line":34,"column":6}},"line":31},"6":{"name":"(anonymous_6)","decl":{"start":{"line":31,"column":12},"end":{"line":31,"column":13}},"loc":{"start":{"line":31,"column":26},"end":{"line":34,"column":2}},"line":31},"7":{"name":"(anonymous_7)","decl":{"start":{"line":36,"column":14},"end":{"line":36,"column":15}},"loc":{"start":{"line":36,"column":58},"end":{"line":42,"column":1}},"line":36},"8":{"name":"(anonymous_8)","decl":{"start":{"line":44,"column":35},"end":{"line":44,"column":36}},"loc":{"start":{"line":44,"column":47},"end":{"line":181,"column":1}},"line":44},"9":{"name":"(anonymous_9)","decl":{"start":{"line":121,"column":38},"end":{"line":121,"column":39}},"loc":{"start":{"line":121,"column":52},"end":{"line":125,"column":4}},"line":121},"10":{"name":"(anonymous_10)","decl":{"start":{"line":156,"column":30},"end":{"line":156,"column":31}},"loc":{"start":{"line":156,"column":45},"end":{"line":159,"column":4}},"line":156},"11":{"name":"(anonymous_11)","decl":{"start":{"line":173,"column":26},"end":{"line":173,"column":27}},"loc":{"start":{"line":173,"column":40},"end":{"line":177,"column":4}},"line":173}},"branchMap":{"0":{"loc":{"start":{"line":5,"column":1},"end":{"line":7,"column":19}},"type":"cond-expr","locations":[{"start":{"line":6,"column":4},"end":{"line":6,"column":7}},{"start":{"line":7,"column":4},"end":{"line":7,"column":19}}],"line":5},"1":{"loc":{"start":{"line":5,"column":1},"end":{"line":5,"column":54}},"type":"binary-expr","locations":[{"start":{"line":5,"column":1},"end":{"line":5,"column":15}},{"start":{"line":5,"column":19},"end":{"line":5,"column":38}},{"start":{"line":5,"column":42},"end":{"line":5,"column":54}}],"line":5},"2":{"loc":{"start":{"line":19,"column":24},"end":{"line":19,"column":34}},"type":"default-arg","locations":[{"start":{"line":19,"column":32},"end":{"line":19,"column":34}}],"line":19},"3":{"loc":{"start":{"line":21,"column":8},"end":{"line":25,"column":26}},"type":"cond-expr","locations":[{"start":{"line":22,"column":5},"end":{"line":24,"column":8}},{"start":{"line":25,"column":5},"end":{"line":25,"column":26}}],"line":21},"4":{"loc":{"start":{"line":23,"column":5},"end":{"line":23,"column":47}},"type":"binary-expr","locations":[{"start":{"line":23,"column":5},"end":{"line":23,"column":32}},{"start":{"line":23,"column":36},"end":{"line":23,"column":47}}],"line":23},"5":{"loc":{"start":{"line":30,"column":20},"end":{"line":30,"column":30}},"type":"default-arg","locations":[{"start":{"line":30,"column":28},"end":{"line":30,"column":30}}],"line":30},"6":{"loc":{"start":{"line":45,"column":21},"end":{"line":45,"column":43}},"type":"binary-expr","locations":[{"start":{"line":45,"column":21},"end":{"line":45,"column":37}},{"start":{"line":45,"column":41},"end":{"line":45,"column":43}}],"line":45},"7":{"loc":{"start":{"line":46,"column":20},"end":{"line":46,"column":48}},"type":"binary-expr","locations":[{"start":{"line":46,"column":20},"end":{"line":46,"column":42}},{"start":{"line":46,"column":46},"end":{"line":46,"column":48}}],"line":46},"8":{"loc":{"start":{"line":121,"column":5},"end":{"line":121,"column":30}},"type":"binary-expr","locations":[{"start":{"line":121,"column":5},"end":{"line":121,"column":24}},{"start":{"line":121,"column":28},"end":{"line":121,"column":30}}],"line":121}},"s":{"0":1,"1":42,"2":1,"3":10,"4":10,"5":1,"6":1,"7":6,"8":2,"9":1,"10":6,"11":6,"12":1,"13":18,"14":1,"15":2,"16":2,"17":2,"18":2,"19":2,"20":2,"21":2,"22":2},"f":{"0":42,"1":10,"2":10,"3":6,"4":2,"5":6,"6":6,"7":18,"8":2,"9":2,"10":2,"11":2},"b":{"0":[0,42],"1":[42,42,42],"2":[0],"3":[2,0],"4":[2,0],"5":[0],"6":[2,0],"7":[2,0],"8":[2,0]},"_coverageSchema":"1a1c01bbd47fc00a2c39e90264f33305004495a9","hash":"7aee557db7172e81d0f618de3056b74bb2429350"}
,"D:\\EvenFrank\\Workspace\\Plugins\\Wordpress\\Citeoryx\\assets\\src\\admin\\reportPdfDocument.js": {"path":"D:\\EvenFrank\\Workspace\\Plugins\\Wordpress\\Citeoryx\\assets\\src\\admin\\reportPdfDocument.js","statementMap":{"0":{"start":{"line":1,"column":18},"end":{"line":25,"column":1}},"1":{"start":{"line":2,"column":15},"end":{"line":2,"column":17}},"2":{"start":{"line":3,"column":1},"end":{"line":23,"column":2}},"3":{"start":{"line":4,"column":15},"end":{"line":4,"column":41}},"4":{"start":{"line":5,"column":2},"end":{"line":22,"column":3}},"5":{"start":{"line":6,"column":3},"end":{"line":6,"column":22}},"6":{"start":{"line":7,"column":9},"end":{"line":22,"column":3}},"7":{"start":{"line":8,"column":3},"end":{"line":8,"column":70}},"8":{"start":{"line":9,"column":9},"end":{"line":22,"column":3}},"9":{"start":{"line":10,"column":3},"end":{"line":14,"column":5}},"10":{"start":{"line":16,"column":3},"end":{"line":21,"column":5}},"11":{"start":{"line":24,"column":1},"end":{"line":24,"column":33}},"12":{"start":{"line":27,"column":20},"end":{"line":36,"column":1}},"13":{"start":{"line":28,"column":16},"end":{"line":28,"column":73}},"14":{"start":{"line":28,"column":49},"end":{"line":28,"column":68}},"15":{"start":{"line":29,"column":16},"end":{"line":29,"column":40}},"16":{"start":{"line":30,"column":14},"end":{"line":30,"column":15}},"17":{"start":{"line":31,"column":1},"end":{"line":34,"column":5}},"18":{"start":{"line":32,"column":2},"end":{"line":32,"column":29}},"19":{"start":{"line":33,"column":2},"end":{"line":33,"column":24}},"20":{"start":{"line":35,"column":1},"end":{"line":35,"column":15}},"21":{"start":{"line":38,"column":20},"end":{"line":43,"column":4}},"22":{"start":{"line":39,"column":1},"end":{"line":43,"column":4}},"23":{"start":{"line":45,"column":37},"end":{"line":130,"column":1}},"24":{"start":{"line":46,"column":1},"end":{"line":48,"column":2}},"25":{"start":{"line":47,"column":2},"end":{"line":47,"column":55}},"26":{"start":{"line":50,"column":19},"end":{"line":50,"column":25}},"27":{"start":{"line":51,"column":20},"end":{"line":51,"column":26}},"28":{"start":{"line":52,"column":17},"end":{"line":52,"column":26}},"29":{"start":{"line":53,"column":17},"end":{"line":53,"column":62}},"30":{"start":{"line":53,"column":47},"end":{"line":53,"column":60}},"31":{"start":{"line":54,"column":1},"end":{"line":54,"column":73}},"32":{"start":{"line":55,"column":1},"end":{"line":63,"column":3}},"33":{"start":{"line":60,"column":20},"end":{"line":60,"column":33}},"34":{"start":{"line":65,"column":1},"end":{"line":103,"column":5}},"35":{"start":{"line":66,"column":2},"end":{"line":72,"column":3}},"36":{"start":{"line":71,"column":3},"end":{"line":71,"column":51}},"37":{"start":{"line":73,"column":17},"end":{"line":73,"column":33}},"38":{"start":{"line":74,"column":18},"end":{"line":74,"column":28}},"39":{"start":{"line":75,"column":20},"end":{"line":75,"column":30}},"40":{"start":{"line":76,"column":18},"end":{"line":76,"column":85}},"41":{"start":{"line":77,"column":2},"end":{"line":83,"column":4}},"42":{"start":{"line":84,"column":2},"end":{"line":93,"column":4}},"43":{"start":{"line":94,"column":2},"end":{"line":102,"column":4}},"44":{"start":{"line":105,"column":16},"end":{"line":105,"column":60}},"45":{"start":{"line":106,"column":15},"end":{"line":106,"column":25}},"46":{"start":{"line":107,"column":17},"end":{"line":107,"column":22}},"47":{"start":{"line":108,"column":14},"end":{"line":108,"column":27}},"48":{"start":{"line":109,"column":15},"end":{"line":109,"column":35}},"49":{"start":{"line":110,"column":1},"end":{"line":114,"column":2}},"50":{"start":{"line":110,"column":16},"end":{"line":110,"column":17}},"51":{"start":{"line":111,"column":2},"end":{"line":111,"column":25}},"52":{"start":{"line":112,"column":2},"end":{"line":112,"column":34}},"53":{"start":{"line":113,"column":2},"end":{"line":113,"column":37}},"54":{"start":{"line":115,"column":20},"end":{"line":115,"column":26}},"55":{"start":{"line":116,"column":14},"end":{"line":116,"column":69}},"56":{"start":{"line":117,"column":1},"end":{"line":121,"column":2}},"57":{"start":{"line":117,"column":16},"end":{"line":117,"column":17}},"58":{"start":{"line":118,"column":2},"end":{"line":120,"column":4}},"59":{"start":{"line":122,"column":1},"end":{"line":128,"column":3}},"60":{"start":{"line":129,"column":1},"end":{"line":129,"column":29}}},"fnMap":{"0":{"name":"(anonymous_0)","decl":{"start":{"line":1,"column":18},"end":{"line":1,"column":19}},"loc":{"start":{"line":1,"column":31},"end":{"line":25,"column":1}},"line":1},"1":{"name":"(anonymous_1)","decl":{"start":{"line":27,"column":20},"end":{"line":27,"column":21}},"loc":{"start":{"line":27,"column":33},"end":{"line":36,"column":1}},"line":27},"2":{"name":"(anonymous_2)","decl":{"start":{"line":28,"column":30},"end":{"line":28,"column":31}},"loc":{"start":{"line":28,"column":49},"end":{"line":28,"column":68}},"line":28},"3":{"name":"(anonymous_3)","decl":{"start":{"line":31,"column":16},"end":{"line":31,"column":17}},"loc":{"start":{"line":31,"column":28},"end":{"line":34,"column":2}},"line":31},"4":{"name":"(anonymous_4)","decl":{"start":{"line":38,"column":20},"end":{"line":38,"column":21}},"loc":{"start":{"line":39,"column":1},"end":{"line":43,"column":4}},"line":39},"5":{"name":"(anonymous_5)","decl":{"start":{"line":45,"column":37},"end":{"line":45,"column":38}},"loc":{"start":{"line":45,"column":50},"end":{"line":130,"column":1}},"line":45},"6":{"name":"(anonymous_6)","decl":{"start":{"line":53,"column":28},"end":{"line":53,"column":29}},"loc":{"start":{"line":53,"column":47},"end":{"line":53,"column":60}},"line":53},"7":{"name":"(anonymous_7)","decl":{"start":{"line":60,"column":10},"end":{"line":60,"column":11}},"loc":{"start":{"line":60,"column":20},"end":{"line":60,"column":33}},"line":60},"8":{"name":"(anonymous_8)","decl":{"start":{"line":65,"column":16},"end":{"line":65,"column":17}},"loc":{"start":{"line":65,"column":35},"end":{"line":103,"column":2}},"line":65}},"branchMap":{"0":{"loc":{"start":{"line":5,"column":2},"end":{"line":22,"column":3}},"type":"if","locations":[{"start":{"line":5,"column":2},"end":{"line":22,"column":3}},{"start":{"line":7,"column":9},"end":{"line":22,"column":3}}],"line":5},"1":{"loc":{"start":{"line":7,"column":9},"end":{"line":22,"column":3}},"type":"if","locations":[{"start":{"line":7,"column":9},"end":{"line":22,"column":3}},{"start":{"line":9,"column":9},"end":{"line":22,"column":3}}],"line":7},"2":{"loc":{"start":{"line":9,"column":9},"end":{"line":22,"column":3}},"type":"if","locations":[{"start":{"line":9,"column":9},"end":{"line":22,"column":3}},{"start":{"line":15,"column":9},"end":{"line":22,"column":3}}],"line":9},"3":{"loc":{"start":{"line":41,"column":7},"end":{"line":41,"column":59}},"type":"cond-expr","locations":[{"start":{"line":41,"column":31},"end":{"line":41,"column":35}},{"start":{"line":41,"column":38},"end":{"line":41,"column":59}}],"line":41},"4":{"loc":{"start":{"line":46,"column":1},"end":{"line":48,"column":2}},"type":"if","locations":[{"start":{"line":46,"column":1},"end":{"line":48,"column":2}},{"start":{},"end":{}}],"line":46},"5":{"loc":{"start":{"line":46,"column":6},"end":{"line":46,"column":52}},"type":"binary-expr","locations":[{"start":{"line":46,"column":6},"end":{"line":46,"column":30}},{"start":{"line":46,"column":34},"end":{"line":46,"column":52}}],"line":46},"6":{"loc":{"start":{"line":66,"column":2},"end":{"line":72,"column":3}},"type":"if","locations":[{"start":{"line":66,"column":2},"end":{"line":72,"column":3}},{"start":{},"end":{}}],"line":66},"7":{"loc":{"start":{"line":67,"column":3},"end":{"line":69,"column":16}},"type":"binary-expr","locations":[{"start":{"line":67,"column":3},"end":{"line":67,"column":41}},{"start":{"line":68,"column":3},"end":{"line":68,"column":15}},{"start":{"line":69,"column":3},"end":{"line":69,"column":16}}],"line":67}},"s":{"0":1,"1":36,"2":36,"3":1320,"4":1320,"5":1316,"6":4,"7":4,"8":0,"9":0,"10":0,"11":36,"12":1,"13":11,"14":44,"15":11,"16":11,"17":11,"18":44,"19":44,"20":11,"21":1,"22":10,"23":1,"24":3,"25":1,"26":2,"27":2,"28":2,"29":2,"30":3,"31":2,"32":2,"33":3,"34":2,"35":3,"36":1,"37":2,"38":2,"39":2,"40":2,"41":2,"42":2,"43":2,"44":1,"45":1,"46":1,"47":1,"48":1,"49":1,"50":1,"51":8,"52":8,"53":8,"54":1,"55":1,"56":1,"57":1,"58":8,"59":1,"60":1},"f":{"0":36,"1":11,"2":44,"3":44,"4":10,"5":3,"6":3,"7":3,"8":3},"b":{"0":[1316,4],"1":[4,0],"2":[0,0],"3":[2,8],"4":[1,2],"5":[3,3],"6":[1,2],"7":[3,2,2]},"_coverageSchema":"1a1c01bbd47fc00a2c39e90264f33305004495a9","hash":"bf03a33d0c51ab9abac0011e8a5747228cb7ae8d"}
,"D:\\EvenFrank\\Workspace\\Plugins\\Wordpress\\Citeoryx\\assets\\src\\admin\\settingsData.js": {"path":"D:\\EvenFrank\\Workspace\\Plugins\\Wordpress\\Citeoryx\\assets\\src\\admin\\settingsData.js","statementMap":{"0":{"start":{"line":3,"column":17},"end":{"line":4,"column":72}},"1":{"start":{"line":4,"column":1},"end":{"line":4,"column":72}},"2":{"start":{"line":6,"column":31},"end":{"line":38,"column":1}},"3":{"start":{"line":7,"column":14},"end":{"line":7,"column":28}},"4":{"start":{"line":8,"column":17},"end":{"line":8,"column":38}},"5":{"start":{"line":9,"column":28},"end":{"line":9,"column":53}},"6":{"start":{"line":10,"column":29},"end":{"line":10,"column":56}},"7":{"start":{"line":12,"column":1},"end":{"line":35,"column":2}},"8":{"start":{"line":34,"column":2},"end":{"line":34,"column":51}},"9":{"start":{"line":37,"column":1},"end":{"line":37,"column":13}}},"fnMap":{"0":{"name":"(anonymous_0)","decl":{"start":{"line":3,"column":17},"end":{"line":3,"column":18}},"loc":{"start":{"line":4,"column":1},"end":{"line":4,"column":72}},"line":4},"1":{"name":"(anonymous_1)","decl":{"start":{"line":6,"column":31},"end":{"line":6,"column":32}},"loc":{"start":{"line":6,"column":47},"end":{"line":38,"column":1}},"line":6}},"branchMap":{"0":{"loc":{"start":{"line":4,"column":1},"end":{"line":4,"column":72}},"type":"binary-expr","locations":[{"start":{"line":4,"column":1},"end":{"line":4,"column":15}},{"start":{"line":4,"column":19},"end":{"line":4,"column":44}},{"start":{"line":4,"column":48},"end":{"line":4,"column":72}}],"line":4},"1":{"loc":{"start":{"line":12,"column":1},"end":{"line":35,"column":2}},"type":"if","locations":[{"start":{"line":12,"column":1},"end":{"line":35,"column":2}},{"start":{},"end":{}}],"line":12},"2":{"loc":{"start":{"line":13,"column":2},"end":{"line":32,"column":3}},"type":"binary-expr","locations":[{"start":{"line":13,"column":2},"end":{"line":13,"column":20}},{"start":{"line":14,"column":2},"end":{"line":14,"column":29}},{"start":{"line":15,"column":2},"end":{"line":15,"column":46}},{"start":{"line":16,"column":2},"end":{"line":16,"column":61}},{"start":{"line":17,"column":2},"end":{"line":17,"column":58}},{"start":{"line":18,"column":2},"end":{"line":18,"column":60}},{"start":{"line":19,"column":2},"end":{"line":19,"column":54}},{"start":{"line":20,"column":2},"end":{"line":20,"column":28}},{"start":{"line":21,"column":2},"end":{"line":21,"column":44}},{"start":{"line":22,"column":2},"end":{"line":22,"column":23}},{"start":{"line":23,"column":2},"end":{"line":23,"column":32}},{"start":{"line":24,"column":2},"end":{"line":24,"column":42}},{"start":{"line":25,"column":2},"end":{"line":25,"column":34}},{"start":{"line":26,"column":2},"end":{"line":28,"column":3}},{"start":{"line":29,"column":2},"end":{"line":29,"column":35}},{"start":{"line":30,"column":2},"end":{"line":32,"column":3}}],"line":13}},"s":{"0":1,"1":27,"2":1,"3":5,"4":5,"5":5,"6":5,"7":5,"8":4,"9":1},"f":{"0":27,"1":5},"b":{"0":[27,27,24],"1":[4,1],"2":[5,5,5,5,5,5,5,5,5,4,3,3,3,2,2,1]},"_coverageSchema":"1a1c01bbd47fc00a2c39e90264f33305004495a9","hash":"b4fd9e2dfe516ce949df379aac257da9f36a4f0b"}
,"D:\\EvenFrank\\Workspace\\Plugins\\Wordpress\\Citeoryx\\assets\\src\\admin\\components\\aiProviderConfig.js": {"path":"D:\\EvenFrank\\Workspace\\Plugins\\Wordpress\\Citeoryx\\assets\\src\\admin\\components\\aiProviderConfig.js","statementMap":{"0":{"start":{"line":3,"column":31},"end":{"line":14,"column":1}},"1":{"start":{"line":16,"column":29},"end":{"line":23,"column":1}},"2":{"start":{"line":25,"column":38},"end":{"line":29,"column":1}},"3":{"start":{"line":31,"column":29},"end":{"line":38,"column":1}},"4":{"start":{"line":40,"column":28},"end":{"line":43,"column":36}},"5":{"start":{"line":41,"column":1},"end":{"line":43,"column":36}},"6":{"start":{"line":45,"column":28},"end":{"line":47,"column":27}},"7":{"start":{"line":46,"column":1},"end":{"line":47,"column":27}},"8":{"start":{"line":46,"column":37},"end":{"line":46,"column":62}},"9":{"start":{"line":49,"column":35},"end":{"line":52,"column":3}},"10":{"start":{"line":50,"column":1},"end":{"line":52,"column":3}},"11":{"start":{"line":54,"column":36},"end":{"line":57,"column":45}},"12":{"start":{"line":55,"column":1},"end":{"line":57,"column":45}},"13":{"start":{"line":59,"column":32},"end":{"line":87,"column":1}},"14":{"start":{"line":60,"column":1},"end":{"line":69,"column":2}},"15":{"start":{"line":61,"column":2},"end":{"line":68,"column":4}},"16":{"start":{"line":71,"column":1},"end":{"line":80,"column":2}},"17":{"start":{"line":72,"column":2},"end":{"line":79,"column":4}},"18":{"start":{"line":82,"column":1},"end":{"line":86,"column":3}},"19":{"start":{"line":89,"column":32},"end":{"line":92,"column":44}},"20":{"start":{"line":90,"column":1},"end":{"line":92,"column":44}},"21":{"start":{"line":94,"column":30},"end":{"line":97,"column":1}},"22":{"start":{"line":95,"column":17},"end":{"line":95,"column":32}},"23":{"start":{"line":96,"column":1},"end":{"line":96,"column":71}},"24":{"start":{"line":99,"column":36},"end":{"line":101,"column":58}},"25":{"start":{"line":100,"column":1},"end":{"line":101,"column":58}}},"fnMap":{"0":{"name":"(anonymous_0)","decl":{"start":{"line":40,"column":28},"end":{"line":40,"column":29}},"loc":{"start":{"line":41,"column":1},"end":{"line":43,"column":36}},"line":41},"1":{"name":"(anonymous_1)","decl":{"start":{"line":45,"column":28},"end":{"line":45,"column":29}},"loc":{"start":{"line":46,"column":1},"end":{"line":47,"column":27}},"line":46},"2":{"name":"(anonymous_2)","decl":{"start":{"line":46,"column":23},"end":{"line":46,"column":24}},"loc":{"start":{"line":46,"column":37},"end":{"line":46,"column":62}},"line":46},"3":{"name":"(anonymous_3)","decl":{"start":{"line":49,"column":35},"end":{"line":49,"column":36}},"loc":{"start":{"line":50,"column":1},"end":{"line":52,"column":3}},"line":50},"4":{"name":"(anonymous_4)","decl":{"start":{"line":54,"column":36},"end":{"line":54,"column":37}},"loc":{"start":{"line":55,"column":1},"end":{"line":57,"column":45}},"line":55},"5":{"name":"(anonymous_5)","decl":{"start":{"line":59,"column":32},"end":{"line":59,"column":33}},"loc":{"start":{"line":59,"column":48},"end":{"line":87,"column":1}},"line":59},"6":{"name":"(anonymous_6)","decl":{"start":{"line":89,"column":32},"end":{"line":89,"column":33}},"loc":{"start":{"line":90,"column":1},"end":{"line":92,"column":44}},"line":90},"7":{"name":"(anonymous_7)","decl":{"start":{"line":94,"column":30},"end":{"line":94,"column":31}},"loc":{"start":{"line":94,"column":43},"end":{"line":97,"column":1}},"line":94},"8":{"name":"(anonymous_8)","decl":{"start":{"line":99,"column":36},"end":{"line":99,"column":37}},"loc":{"start":{"line":100,"column":1},"end":{"line":101,"column":58}},"line":100}},"branchMap":{"0":{"loc":{"start":{"line":41,"column":1},"end":{"line":43,"column":36}},"type":"binary-expr","locations":[{"start":{"line":41,"column":1},"end":{"line":41,"column":33}},{"start":{"line":42,"column":1},"end":{"line":42,"column":32}},{"start":{"line":43,"column":1},"end":{"line":43,"column":36}}],"line":41},"1":{"loc":{"start":{"line":46,"column":1},"end":{"line":47,"column":27}},"type":"binary-expr","locations":[{"start":{"line":46,"column":1},"end":{"line":46,"column":71}},{"start":{"line":47,"column":1},"end":{"line":47,"column":27}}],"line":46},"2":{"loc":{"start":{"line":50,"column":1},"end":{"line":52,"column":3}},"type":"binary-expr","locations":[{"start":{"line":50,"column":1},"end":{"line":50,"column":36}},{"start":{"line":51,"column":3},"end":{"line":51,"column":50}},{"start":{"line":52,"column":1},"end":{"line":52,"column":3}}],"line":50},"3":{"loc":{"start":{"line":51,"column":3},"end":{"line":51,"column":50}},"type":"cond-expr","locations":[{"start":{"line":51,"column":31},"end":{"line":51,"column":43}},{"start":{"line":51,"column":46},"end":{"line":51,"column":50}}],"line":51},"4":{"loc":{"start":{"line":55,"column":1},"end":{"line":57,"column":45}},"type":"binary-expr","locations":[{"start":{"line":55,"column":1},"end":{"line":55,"column":20}},{"start":{"line":56,"column":1},"end":{"line":56,"column":26}},{"start":{"line":57,"column":1},"end":{"line":57,"column":45}}],"line":55},"5":{"loc":{"start":{"line":60,"column":1},"end":{"line":69,"column":2}},"type":"if","locations":[{"start":{"line":60,"column":1},"end":{"line":69,"column":2}},{"start":{},"end":{}}],"line":60},"6":{"loc":{"start":{"line":71,"column":1},"end":{"line":80,"column":2}},"type":"if","locations":[{"start":{"line":71,"column":1},"end":{"line":80,"column":2}},{"start":{},"end":{}}],"line":71},"7":{"loc":{"start":{"line":90,"column":1},"end":{"line":92,"column":44}},"type":"cond-expr","locations":[{"start":{"line":91,"column":4},"end":{"line":91,"column":11}},{"start":{"line":92,"column":4},"end":{"line":92,"column":44}}],"line":90},"8":{"loc":{"start":{"line":92,"column":4},"end":{"line":92,"column":44}},"type":"binary-expr","locations":[{"start":{"line":92,"column":4},"end":{"line":92,"column":38}},{"start":{"line":92,"column":42},"end":{"line":92,"column":44}}],"line":92},"9":{"loc":{"start":{"line":96,"column":8},"end":{"line":96,"column":70}},"type":"binary-expr","locations":[{"start":{"line":96,"column":8},"end":{"line":96,"column":35}},{"start":{"line":96,"column":39},"end":{"line":96,"column":52}},{"start":{"line":96,"column":56},"end":{"line":96,"column":70}}],"line":96},"10":{"loc":{"start":{"line":100,"column":1},"end":{"line":101,"column":58}},"type":"binary-expr","locations":[{"start":{"line":100,"column":1},"end":{"line":100,"column":33}},{"start":{"line":101,"column":1},"end":{"line":101,"column":58}}],"line":100}},"s":{"0":1,"1":1,"2":1,"3":1,"4":1,"5":2,"6":1,"7":0,"8":0,"9":1,"10":0,"11":1,"12":3,"13":1,"14":0,"15":0,"16":0,"17":0,"18":0,"19":1,"20":2,"21":1,"22":5,"23":5,"24":1,"25":3},"f":{"0":2,"1":0,"2":0,"3":0,"4":3,"5":0,"6":2,"7":5,"8":3},"b":{"0":[2,1,1],"1":[0,0],"2":[0,0,0],"3":[0,0],"4":[3,3,2],"5":[0,0],"6":[0,0],"7":[1,1],"8":[1,0],"9":[5,4,3],"10":[3,2]},"_coverageSchema":"1a1c01bbd47fc00a2c39e90264f33305004495a9","hash":"3911b44e0ec807615a8c1ef92c5e39aa7c5da5e6"}
}
