TN:
SF:assets\src\admin\aiAnalysis.js
FN:3,(anonymous_0)
FN:6,(anonymous_1)
FN:13,(anonymous_2)
FNF:3
FNH:3
FNDA:5,(anonymous_0)
FNDA:2,(anonymous_1)
FNDA:2,(anonymous_2)
DA:1,1
DA:3,1
DA:4,5
DA:6,1
DA:7,2
DA:8,2
DA:13,2
LF:7
LH:7
BRDA:6,0,0,1
BRDA:8,1,0,1
BRDA:8,1,1,1
BRDA:14,2,0,2
BRDA:14,2,1,1
BRDA:15,3,0,1
BRDA:15,3,1,1
BRF:7
BRH:7
end_of_record
TN:
SF:assets\src\admin\apiError.js
FN:4,(anonymous_0)
FNF:1
FNH:1
FNDA:3,(anonymous_0)
DA:2,1
DA:4,1
DA:6,3
DA:8,3
DA:9,2
DA:12,1
LF:6
LH:6
BRDA:6,0,0,2
BRDA:6,0,1,1
BRDA:8,1,0,2
BRDA:8,1,1,1
BRDA:8,2,0,3
BRDA:8,2,1,2
BRF:6
BRH:6
end_of_record
TN:
SF:assets\src\admin\optimizerRevision.js
FN:1,(anonymous_0)
FN:8,(anonymous_1)
FN:10,(anonymous_2)
FN:15,(anonymous_3)
FN:17,(anonymous_4)
FNF:5
FNH:5
FNDA:3,(anonymous_0)
FNDA:1,(anonymous_1)
FNDA:3,(anonymous_2)
FNDA:3,(anonymous_3)
FNDA:1,(anonymous_4)
DA:1,3
DA:8,1
DA:9,1
DA:10,3
DA:15,3
DA:17,1
LF:6
LH:6
BRDA:2,0,0,3
BRDA:2,0,1,0
BRDA:3,1,0,3
BRDA:3,1,1,0
BRDA:4,2,0,3
BRDA:4,2,1,0
BRDA:12,3,0,3
BRDA:12,3,1,0
BRDA:13,4,0,3
BRDA:13,4,1,0
BRF:10
BRH:5
end_of_record
TN:
SF:assets\src\admin\reportCsv.js
FN:3,(anonymous_0)
FN:6,(anonymous_1)
FN:13,(anonymous_2)
FN:19,(anonymous_3)
FN:22,(anonymous_4)
FN:33,(anonymous_5)
FN:58,(anonymous_6)
FN:64,(anonymous_7)
FN:70,(anonymous_8)
FN:79,(anonymous_9)
FN:82,(anonymous_10)
FNF:11
FNH:8
FNDA:8,(anonymous_0)
FNDA:1,(anonymous_1)
FNDA:97,(anonymous_2)
FNDA:6,(anonymous_3)
FNDA:1,(anonymous_4)
FNDA:2,(anonymous_5)
FNDA:1,(anonymous_6)
FNDA:0,(anonymous_7)
FNDA:0,(anonymous_8)
FNDA:42,(anonymous_9)
FNDA:0,(anonymous_10)
DA:3,2
DA:4,8
DA:6,2
DA:8,2
DA:13,2
DA:14,97
DA:15,97
DA:16,97
DA:19,6
DA:22,1
DA:33,2
DA:34,2
DA:35,2
DA:58,1
DA:64,0
DA:70,0
DA:79,42
DA:82,2
DA:83,0
DA:86,0
DA:87,0
DA:88,0
DA:89,0
DA:92,0
DA:93,0
LF:25
LH:16
BRDA:4,0,0,1
BRDA:4,0,1,7
BRDA:4,1,0,8
BRDA:4,1,1,7
BRDA:6,2,0,1
BRDA:6,2,1,0
BRDA:14,3,0,97
BRDA:14,3,1,0
BRDA:15,4,0,1
BRDA:15,4,1,96
BRDA:19,5,0,3
BRDA:23,6,0,1
BRDA:23,6,1,0
BRDA:25,7,0,1
BRDA:25,7,1,0
BRDA:34,8,0,2
BRDA:34,8,1,1
BRDA:47,9,0,2
BRDA:47,9,1,2
BRDA:50,10,0,2
BRDA:50,10,1,2
BRDA:54,11,0,2
BRDA:54,11,1,2
BRF:23
BRH:19
end_of_record
TN:
SF:assets\src\admin\reportPdfData.js
FN:4,(anonymous_0)
FN:9,(anonymous_1)
FN:12,(anonymous_2)
FN:19,(anonymous_3)
FN:20,(anonymous_4)
FN:30,(anonymous_5)
FN:31,(anonymous_6)
FN:36,(anonymous_7)
FN:44,(anonymous_8)
FN:121,(anonymous_9)
FN:156,(anonymous_10)
FN:173,(anonymous_11)
FNF:12
FNH:12
FNDA:42,(anonymous_0)
FNDA:10,(anonymous_1)
FNDA:10,(anonymous_2)
FNDA:6,(anonymous_3)
FNDA:2,(anonymous_4)
FNDA:6,(anonymous_5)
FNDA:6,(anonymous_6)
FNDA:18,(anonymous_7)
FNDA:2,(anonymous_8)
FNDA:2,(anonymous_9)
FNDA:2,(anonymous_10)
FNDA:2,(anonymous_11)
DA:4,1
DA:5,42
DA:9,1
DA:10,10
DA:12,10
DA:14,1
DA:19,1
DA:20,6
DA:30,1
DA:31,6
DA:36,18
DA:44,1
DA:45,2
DA:46,2
DA:47,2
DA:51,2
DA:57,2
DA:121,2
DA:156,2
DA:173,2
LF:20
LH:20
BRDA:5,0,0,0
BRDA:5,0,1,42
BRDA:5,1,0,42
BRDA:5,1,1,42
BRDA:5,1,2,42
BRDA:19,2,0,0
BRDA:21,3,0,2
BRDA:21,3,1,0
BRDA:23,4,0,2
BRDA:23,4,1,0
BRDA:30,5,0,0
BRDA:45,6,0,2
BRDA:45,6,1,0
BRDA:46,7,0,2
BRDA:46,7,1,0
BRDA:121,8,0,2
BRDA:121,8,1,0
BRF:17
BRH:9
end_of_record
TN:
SF:assets\src\admin\reportPdfDocument.js
FN:1,(anonymous_0)
FN:27,(anonymous_1)
FN:28,(anonymous_2)
FN:31,(anonymous_3)
FN:38,(anonymous_4)
FN:45,(anonymous_5)
FN:53,(anonymous_6)
FN:60,(anonymous_7)
FN:65,(anonymous_8)
FNF:9
FNH:9
FNDA:36,(anonymous_0)
FNDA:11,(anonymous_1)
FNDA:44,(anonymous_2)
FNDA:44,(anonymous_3)
FNDA:10,(anonymous_4)
FNDA:3,(anonymous_5)
FNDA:3,(anonymous_6)
FNDA:3,(anonymous_7)
FNDA:3,(anonymous_8)
DA:1,1
DA:2,36
DA:3,36
DA:4,1320
DA:5,1320
DA:6,1316
DA:7,4
DA:8,4
DA:9,0
DA:10,0
DA:16,0
DA:24,36
DA:27,1
DA:28,44
DA:29,11
DA:30,11
DA:31,11
DA:32,44
DA:33,44
DA:35,11
DA:38,1
DA:39,10
DA:45,1
DA:46,3
DA:47,1
DA:50,2
DA:51,2
DA:52,2
DA:53,3
DA:54,2
DA:55,2
DA:60,3
DA:65,2
DA:66,3
DA:71,1
DA:73,2
DA:74,2
DA:75,2
DA:76,2
DA:77,2
DA:84,2
DA:94,2
DA:105,1
DA:106,1
DA:107,1
DA:108,1
DA:109,1
DA:110,1
DA:111,8
DA:112,8
DA:113,8
DA:115,1
DA:116,1
DA:117,1
DA:118,8
DA:122,1
DA:129,1
LF:57
LH:54
BRDA:5,0,0,1316
BRDA:5,0,1,4
BRDA:7,1,0,4
BRDA:7,1,1,0
BRDA:9,2,0,0
BRDA:9,2,1,0
BRDA:41,3,0,2
BRDA:41,3,1,8
BRDA:46,4,0,1
BRDA:46,4,1,2
BRDA:46,5,0,3
BRDA:46,5,1,3
BRDA:66,6,0,1
BRDA:66,6,1,2
BRDA:67,7,0,3
BRDA:67,7,1,2
BRDA:67,7,2,2
BRF:17
BRH:14
end_of_record
TN:
SF:assets\src\admin\settingsData.js
FN:3,(anonymous_0)
FN:6,(anonymous_1)
FNF:2
FNH:2
FNDA:27,(anonymous_0)
FNDA:5,(anonymous_1)
DA:3,1
DA:4,27
DA:6,1
DA:7,5
DA:8,5
DA:9,5
DA:10,5
DA:12,5
DA:34,4
DA:37,1
LF:10
LH:10
BRDA:4,0,0,27
BRDA:4,0,1,27
BRDA:4,0,2,24
BRDA:12,1,0,4
BRDA:12,1,1,1
BRDA:13,2,0,5
BRDA:13,2,1,5
BRDA:13,2,2,5
BRDA:13,2,3,5
BRDA:13,2,4,5
BRDA:13,2,5,5
BRDA:13,2,6,5
BRDA:13,2,7,5
BRDA:13,2,8,5
BRDA:13,2,9,4
BRDA:13,2,10,3
BRDA:13,2,11,3
BRDA:13,2,12,3
BRDA:13,2,13,2
BRDA:13,2,14,2
BRDA:13,2,15,1
BRF:21
BRH:21
end_of_record
TN:
SF:assets\src\admin\components\aiProviderConfig.js
FN:40,(anonymous_0)
FN:45,(anonymous_1)
FN:46,(anonymous_2)
FN:49,(anonymous_3)
FN:54,(anonymous_4)
FN:59,(anonymous_5)
FN:89,(anonymous_6)
FN:94,(anonymous_7)
FN:99,(anonymous_8)
FNF:9
FNH:5
FNDA:2,(anonymous_0)
FNDA:0,(anonymous_1)
FNDA:0,(anonymous_2)
FNDA:0,(anonymous_3)
FNDA:3,(anonymous_4)
FNDA:0,(anonymous_5)
FNDA:2,(anonymous_6)
FNDA:5,(anonymous_7)
FNDA:3,(anonymous_8)
DA:3,1
DA:16,1
DA:25,1
DA:31,1
DA:40,1
DA:41,2
DA:45,1
DA:46,0
DA:49,1
DA:50,0
DA:54,1
DA:55,3
DA:59,1
DA:60,0
DA:61,0
DA:71,0
DA:72,0
DA:82,0
DA:89,1
DA:90,2
DA:94,1
DA:95,5
DA:96,5
DA:99,1
DA:100,3
LF:25
LH:18
BRDA:41,0,0,2
BRDA:41,0,1,1
BRDA:41,0,2,1
BRDA:46,1,0,0
BRDA:46,1,1,0
BRDA:50,2,0,0
BRDA:50,2,1,0
BRDA:50,2,2,0
BRDA:51,3,0,0
BRDA:51,3,1,0
BRDA:55,4,0,3
BRDA:55,4,1,3
BRDA:55,4,2,2
BRDA:60,5,0,0
BRDA:60,5,1,0
BRDA:71,6,0,0
BRDA:71,6,1,0
BRDA:90,7,0,1
BRDA:90,7,1,1
BRDA:92,8,0,1
BRDA:92,8,1,0
BRDA:96,9,0,5
BRDA:96,9,1,4
BRDA:96,9,2,3
BRDA:100,10,0,3
BRDA:100,10,1,2
BRF:26
BRH:14
end_of_record
